----------------------------------------
Reporte PDF iniciado en: 2025-07-04 22:30:39
IP Cliente: ::1
URL solicitada: /prueba/ventaslog/extensiones/fpdf/plantilla2.php
User Agent: Mozilla/5.0 (Windows NT 6.1) AppleWebKit/537.36 (KHTML, like Gecko) Chrome/108.0.0.0 Safari/537.36
Referer: http://localhost/prueba/ventaslog/eventos
----------------------------------------

----------------------------------------
Reporte PDF iniciado en: 2025-07-04 22:30:42
IP Cliente: ::1
URL solicitada: /prueba/ventaslog/extensiones/fpdf/plantilla2.php
User Agent: Mozilla/5.0 (Windows NT 6.1) AppleWebKit/537.36 (KHTML, like Gecko) Chrome/108.0.0.0 Safari/537.36
Referer: http://localhost/prueba/ventaslog/eventos
----------------------------------------

----------------------------------------
Reporte PDF iniciado en: 2025-07-04 22:38:31
IP Cliente: ::1
URL solicitada: /prueba/ventaslog/extensiones/fpdf/plantilla2.php
User Agent: Mozilla/5.0 (Windows NT 6.1) AppleWebKit/537.36 (KHTML, like Gecko) Chrome/108.0.0.0 Safari/537.36
Referer: http://localhost/prueba/ventaslog/eventos
----------------------------------------

----------------------------------------
Reporte PDF iniciado en: 2025-07-04 22:38:40
IP Cliente: ::1
URL solicitada: /prueba/ventaslog/extensiones/fpdf/plantilla2.php
User Agent: Mozilla/5.0 (Windows NT 6.1) AppleWebKit/537.36 (KHTML, like Gecko) Chrome/108.0.0.0 Safari/537.36
Referer: http://localhost/prueba/ventaslog/eventos
----------------------------------------

----------------------------------------
Reporte PDF iniciado en: 2025-07-04 22:39:23
IP Cliente: ::1
URL solicitada: /prueba/ventaslog/extensiones/fpdf/plantilla2.php
User Agent: Mozilla/5.0 (Windows NT 6.1) AppleWebKit/537.36 (KHTML, like Gecko) Chrome/108.0.0.0 Safari/537.36
Referer: http://localhost/prueba/ventaslog/eventos
----------------------------------------

----------------------------------------
Reporte PDF iniciado en: 2025-07-04 22:42:35
IP Cliente: ::1
URL solicitada: /prueba/ventaslog/extensiones/fpdf/plantilla2.php
User Agent: Mozilla/5.0 (Windows NT 6.1) AppleWebKit/537.36 (KHTML, like Gecko) Chrome/108.0.0.0 Safari/537.36
Referer: http://localhost/prueba/ventaslog/clientes
----------------------------------------

----------------------------------------
Reporte PDF iniciado en: 2025-07-04 22:42:35
IP Cliente: ::1
URL solicitada: /prueba/ventaslog/extensiones/fpdf/plantilla2.php
User Agent: Mozilla/5.0 (Windows NT 6.1) AppleWebKit/537.36 (KHTML, like Gecko) Chrome/108.0.0.0 Safari/537.36
Referer: http://localhost/prueba/ventaslog/clientes
----------------------------------------

----------------------------------------
Reporte PDF iniciado en: 2025-07-04 22:43:19
IP Cliente: ::1
URL solicitada: /prueba/ventaslog/extensiones/fpdf/plantilla2.php
User Agent: Mozilla/5.0 (Windows NT 6.1) AppleWebKit/537.36 (KHTML, like Gecko) Chrome/108.0.0.0 Safari/537.36
Referer: N/A
----------------------------------------

----------------------------------------
Reporte PDF iniciado en: 2025-07-04 22:43:20
IP Cliente: ::1
URL solicitada: /prueba/ventaslog/extensiones/fpdf/plantilla2.php
User Agent: Mozilla/5.0 (Windows NT 6.1) AppleWebKit/537.36 (KHTML, like Gecko) Chrome/108.0.0.0 Safari/537.36
Referer: N/A
----------------------------------------

----------------------------------------
Reporte PDF iniciado en: 2025-07-04 22:43:28
IP Cliente: ::1
URL solicitada: /prueba/ventaslog/extensiones/fpdf/plantilla2.php
User Agent: Mozilla/5.0 (Windows NT 6.1) AppleWebKit/537.36 (KHTML, like Gecko) Chrome/108.0.0.0 Safari/537.36
Referer: http://localhost/prueba/ventaslog/clientes
----------------------------------------

