----------------------------------------
Execution ID: req_68683fb80eff2
Reporte PDF iniciado en: 2025-07-04 22:55:20.000
IP Cliente: ::1
Request Method: GET
URL solicitada: /prueba/ventaslog/extensiones/fpdf/plantilla2.php
Query String: 
Session ID: m870177i28t20jotc545ldhndg
User Agent: Mozilla/5.0 (Windows NT 6.1) AppleWebKit/537.36 (KHTML, like Gecko) Chrome/108.0.0.0 Safari/537.36
Referer: http://localhost/prueba/ventaslog/clientes
GET Params: []
POST Params: []
----------------------------------------

----------------------------------------
Execution ID: req_68683fba3ea28
Reporte PDF iniciado en: 2025-07-04 22:55:22.000
IP Cliente: ::1
Request Method: GET
URL solicitada: /prueba/ventaslog/extensiones/fpdf/plantilla2.php
Query String: 
Session ID: m870177i28t20jotc545ldhndg
User Agent: Mozilla/5.0 (Windows NT 6.1) AppleWebKit/537.36 (KHTML, like Gecko) Chrome/108.0.0.0 Safari/537.36
Referer: http://localhost/prueba/ventaslog/clientes
GET Params: []
POST Params: []
----------------------------------------

----------------------------------------
Execution ID: req_6868408cd547f
Reporte PDF iniciado en: 2025-07-04 22:58:52.000
IP Cliente: ::1
Request Method: GET
URL solicitada: /prueba/ventaslog/extensiones/fpdf/plantilla2.php
Query String: 
Session ID: m870177i28t20jotc545ldhndg
User Agent: Mozilla/5.0 (Windows NT 6.1) AppleWebKit/537.36 (KHTML, like Gecko) Chrome/108.0.0.0 Safari/537.36
Referer: http://localhost/prueba/ventaslog/eventos
GET Params: []
POST Params: []
----------------------------------------

----------------------------------------
Execution ID: req_6868408ee1074
Reporte PDF iniciado en: 2025-07-04 22:58:54.000
IP Cliente: ::1
Request Method: GET
URL solicitada: /prueba/ventaslog/extensiones/fpdf/plantilla2.php
Query String: 
Session ID: m870177i28t20jotc545ldhndg
User Agent: Mozilla/5.0 (Windows NT 6.1) AppleWebKit/537.36 (KHTML, like Gecko) Chrome/108.0.0.0 Safari/537.36
Referer: http://localhost/prueba/ventaslog/eventos
GET Params: []
POST Params: []
----------------------------------------

----------------------------------------
Execution ID: req_686840a250092
Reporte PDF iniciado en: 2025-07-04 22:59:14.000
IP Cliente: ::1
Request Method: GET
URL solicitada: /prueba/ventaslog/extensiones/fpdf/plantilla2.php
Query String: 
Session ID: m870177i28t20jotc545ldhndg
User Agent: Mozilla/5.0 (Windows NT 6.1) AppleWebKit/537.36 (KHTML, like Gecko) Chrome/108.0.0.0 Safari/537.36
Referer: http://localhost/prueba/ventaslog/eventos
GET Params: []
POST Params: []
----------------------------------------

----------------------------------------
Execution ID: req_686840a467422
Reporte PDF iniciado en: 2025-07-04 22:59:16.000
IP Cliente: ::1
Request Method: GET
URL solicitada: /prueba/ventaslog/extensiones/fpdf/plantilla2.php
Query String: 
Session ID: m870177i28t20jotc545ldhndg
User Agent: Mozilla/5.0 (Windows NT 6.1) AppleWebKit/537.36 (KHTML, like Gecko) Chrome/108.0.0.0 Safari/537.36
Referer: http://localhost/prueba/ventaslog/eventos
GET Params: []
POST Params: []
----------------------------------------

----------------------------------------
Execution ID: req_686840b540aa5
Reporte PDF iniciado en: 2025-07-04 22:59:33.000
IP Cliente: ::1
Request Method: GET
URL solicitada: /prueba/ventaslog/extensiones/fpdf/plantilla2.php
Query String: 
Session ID: m870177i28t20jotc545ldhndg
User Agent: Mozilla/5.0 (Windows NT 6.1) AppleWebKit/537.36 (KHTML, like Gecko) Chrome/108.0.0.0 Safari/537.36
Referer: http://localhost/prueba/ventaslog/eventos
GET Params: []
POST Params: []
----------------------------------------

----------------------------------------
Execution ID: req_686840dc58539
Reporte PDF iniciado en: 2025-07-04 23:00:12.000
IP Cliente: ::1
Request Method: GET
URL solicitada: /prueba/ventaslog/extensiones/fpdf/plantilla2.php
Query String: 
Session ID: m870177i28t20jotc545ldhndg
User Agent: Mozilla/5.0 (Windows NT 6.1) AppleWebKit/537.36 (KHTML, like Gecko) Chrome/108.0.0.0 Safari/537.36
Referer: http://localhost/prueba/ventaslog/eventos
GET Params: []
POST Params: []
----------------------------------------

